<?xml version="1.0" encoding="UTF-8"?>
<!-- Generated by org.testng.reporters.JUnitReportReporter -->
<testsuite hostname="ojt15-PC" name="DriverFactory.AppTest" tests="1" failures="0" timestamp="4 Nov 2019 12:07:17 GMT" time="27.677" errors="0">
  <testcase name="kickStart" time="27.677" classname="DriverFactory.AppTest"/>
</testsuite> <!-- DriverFactory.AppTest -->
