<?xml version="1.0" encoding="UTF-8"?>
<!-- Generated by org.testng.reporters.JUnitReportReporter -->
<testsuite hostname="ojt15-PC" name="DriverFactory.AppTest" tests="1" failures="0" timestamp="6 Nov 2019 13:26:27 GMT" time="33.217" errors="0">
  <testcase name="kickStart" time="33.217" classname="DriverFactory.AppTest"/>
</testsuite> <!-- DriverFactory.AppTest -->
