<?xml version="1.0" encoding="UTF-8"?>
<!-- Generated by org.testng.reporters.JUnitReportReporter -->
<testsuite hostname="ojt15-PC" name="DriverFactory.AppTest" tests="1" failures="0" timestamp="5 Nov 2019 12:50:55 GMT" time="59.966" errors="0">
  <testcase name="kickStart" time="59.966" classname="DriverFactory.AppTest"/>
</testsuite> <!-- DriverFactory.AppTest -->
